<?xml version="1.0" encoding="UTF-8"?>
<testng-results ignored="0" total="2" passed="2" failed="0" skipped="0">
  <reporter-output>
  </reporter-output>
  <suite started-at="2024-02-28T12:55:30 IST" name="Suite" finished-at="2024-02-28T12:55:55 IST" duration-ms="24835">
    <groups>
    </groups>
    <test started-at="2024-02-28T12:55:30 IST" name="Test" finished-at="2024-02-28T12:55:55 IST" duration-ms="24835">
      <class name="Axis_DD.DD.ReadExcel">
        <test-method signature="fblogin()[pri:0, instance:Axis_DD.DD.ReadExcel@dd0c991]" started-at="2024-02-28T12:55:30 IST" name="fblogin" finished-at="2024-02-28T12:55:47 IST" duration-ms="16668" status="PASS">
          <reporter-output>
          </reporter-output>
        </test-method> <!-- fblogin -->
      </class> <!-- Axis_DD.DD.ReadExcel -->
      <class name="Axis_DD.DD.WriteToData">
        <test-method signature="fblogin()[pri:0, instance:Axis_DD.DD.WriteToData@53aad5d5]" started-at="2024-02-28T12:55:47 IST" name="fblogin" finished-at="2024-02-28T12:55:55 IST" duration-ms="8118" status="PASS">
          <reporter-output>
          </reporter-output>
        </test-method> <!-- fblogin -->
      </class> <!-- Axis_DD.DD.WriteToData -->
    </test> <!-- Test -->
  </suite> <!-- Suite -->
</testng-results>
