<?xml version="1.0" encoding="UTF-8"?>
<testng-results ignored="0" total="1" passed="1" failed="0" skipped="0">
  <reporter-output>
  </reporter-output>
  <suite started-at="2024-02-27T14:29:27 IST" name="Default suite" finished-at="2024-02-27T14:29:36 IST" duration-ms="8735">
    <groups>
    </groups>
    <test started-at="2024-02-27T14:29:27 IST" name="Default test" finished-at="2024-02-27T14:29:36 IST" duration-ms="8735">
      <class name="Axis_DD.DD.WriteToData">
        <test-method signature="fblogin()[pri:0, instance:Axis_DD.DD.WriteToData@2e385cce]" started-at="2024-02-27T14:29:27 IST" name="fblogin" finished-at="2024-02-27T14:29:36 IST" duration-ms="8682" status="PASS">
          <reporter-output>
          </reporter-output>
        </test-method> <!-- fblogin -->
      </class> <!-- Axis_DD.DD.WriteToData -->
    </test> <!-- Default test -->
  </suite> <!-- Default suite -->
</testng-results>
